<?xml version="1.0" encoding="UTF-8" ?>
<testsuite tests="3" failures="0" name="org.example.PicoPlacaTest" time="0.018" errors="0" skipped="0">
  <properties>
[...]
</properties>
  <testcase classname="org.example.PicoPlacaTest" name="org.example.PicoPlacaTest.testNoTienePicoPlacaLunesBogota" time="0.017"/>
  <testcase classname="org.example.PicoPlacaTest" name="org.example.PicoPlacaTest.testTienePicoPlacaLunesBogota" time="0"/>
  <testcase classname="org.example.PicoPlacaTest" name="org.example.PicoPlacaTest.testPlacaNula" time="0.001"/>
</testsuite>